::1 - - [27/Jun/2026 16:03:11] "GET /lp_variants/13_talentpreneur/index.html HTTP/1.1" 200 -
::1 - - [27/Jun/2026 16:03:11] "GET /lp_variants/13_talentpreneur/assets/appeal1.png HTTP/1.1" 200 -
::1 - - [27/Jun/2026 16:03:19] "GET /lp_variants/13_talentpreneur/index.html HTTP/1.1" 200 -
::1 - - [27/Jun/2026 16:03:19] "GET /lp_variants/13_talentpreneur/assets/mock_practice.png HTTP/1.1" 200 -
::1 - - [27/Jun/2026 16:03:19] "GET /lp_variants/13_talentpreneur/assets/thumb_vocal.png HTTP/1.1" 200 -
::1 - - [27/Jun/2026 16:03:19] "GET /lp_variants/13_talentpreneur/assets/thumb_band.png HTTP/1.1" 200 -
::1 - - [27/Jun/2026 16:03:19] "GET /lp_variants/13_talentpreneur/assets/thumb_backstage.png HTTP/1.1" 200 -
::1 - - [27/Jun/2026 16:03:19] "GET /lp_variants/13_talentpreneur/assets/problem_fan.png HTTP/1.1" 200 -
::1 - - [27/Jun/2026 16:03:19] "GET /lp_variants/13_talentpreneur/assets/problem_artist.png HTTP/1.1" 200 -
::1 - - [27/Jun/2026 16:03:19] "GET /lp_variants/13_talentpreneur/assets/appeal1.png HTTP/1.1" 200 -
::1 - - [27/Jun/2026 16:03:19] "GET /lp_variants/13_talentpreneur/assets/mock_capsule.png HTTP/1.1" 200 -
::1 - - [27/Jun/2026 16:03:19] "GET /lp_variants/13_talentpreneur/assets/appeal2.png HTTP/1.1" 200 -
::1 - - [27/Jun/2026 16:03:19] "GET /lp_variants/13_talentpreneur/assets/appeal3.png HTTP/1.1" 200 -
::1 - - [27/Jun/2026 16:03:19] "GET /lp_variants/13_talentpreneur/assets/appeal4.png HTTP/1.1" 200 -
::1 - - [27/Jun/2026 16:03:19] "GET /lp_variants/13_talentpreneur/assets/evidence/blackpink_practice.png HTTP/1.1" 200 -
::1 - - [27/Jun/2026 16:03:19] "GET /lp_variants/13_talentpreneur/assets/evidence/milk_mv.png HTTP/1.1" 200 -
::1 - - [27/Jun/2026 16:03:19] "GET /lp_variants/13_talentpreneur/assets/evidence/seventeen_practice.png HTTP/1.1" 200 -
::1 - - [27/Jun/2026 16:03:19] "GET /lp_variants/13_talentpreneur/assets/authenticity.png HTTP/1.1" 200 -
::1 - - [27/Jun/2026 16:03:19] "GET /lp_variants/13_talentpreneur/assets/comparison.png HTTP/1.1" 200 -
::1 - - [27/Jun/2026 16:03:19] "GET /lp_variants/13_talentpreneur/assets/pricing.png HTTP/1.1" 200 -
::1 - - [27/Jun/2026 16:03:19] "GET /lp_variants/13_talentpreneur/assets/artist_idol.png HTTP/1.1" 200 -
::1 - - [27/Jun/2026 16:03:19] "GET /lp_variants/13_talentpreneur/assets/artist_band.png HTTP/1.1" 200 -
::1 - - [27/Jun/2026 16:03:19] "GET /lp_variants/13_talentpreneur/assets/artist_comedian.png HTTP/1.1" 200 -
::1 - - [27/Jun/2026 16:03:20] code 404, message File not found
::1 - - [27/Jun/2026 16:03:20] "GET /favicon.ico HTTP/1.1" 404 -
::1 - - [27/Jun/2026 16:03:56] "GET /lp_variants/13_talentpreneur/index.html HTTP/1.1" 200 -
::1 - - [27/Jun/2026 16:04:03] "GET /lp_variants/13_talentpreneur/index.html HTTP/1.1" 304 -
::1 - - [27/Jun/2026 16:05:06] "GET /lp_variants/13_talentpreneur/index.html HTTP/1.1" 304 -
::1 - - [27/Jun/2026 16:05:06] "GET /lp_variants/13_talentpreneur/assets/authenticity.png HTTP/1.1" 304 -
::1 - - [27/Jun/2026 16:05:06] "GET /lp_variants/13_talentpreneur/assets/comparison.png HTTP/1.1" 304 -
::1 - - [27/Jun/2026 16:05:06] "GET /lp_variants/13_talentpreneur/assets/pricing.png HTTP/1.1" 304 -
::1 - - [27/Jun/2026 16:05:48] "GET /lp_variants/13_talentpreneur/index.html HTTP/1.1" 304 -
::1 - - [27/Jun/2026 16:05:48] "GET /lp_variants/13_talentpreneur/assets/artist_comedian.png HTTP/1.1" 304 -
